latexml (LaTeXML version 0.8.8) processing index.tex
(Digesting TeX index...
(Loading /opt/homebrew/Cellar/latexml/0.8.8_1/libexec/lib/perl5/LaTeXML/Package/TeX.pool.ltxml...
(Loading /opt/homebrew/Cellar/latexml/0.8.8_1/libexec/lib/perl5/LaTeXML/Package/eTeX.pool.ltxml... 0.00 sec)
(Loading /opt/homebrew/Cellar/latexml/0.8.8_1/libexec/lib/perl5/LaTeXML/Package/pdfTeX.pool.ltxml... 0.00 sec) 0.07 sec)
(Processing content /Users/smkellat/Desktop/Test/src/index.tex...
(Loading /opt/homebrew/Cellar/latexml/0.8.8_1/libexec/lib/perl5/LaTeXML/Package/LaTeX.pool.ltxml...
(Loading /opt/homebrew/Cellar/latexml/0.8.8_1/libexec/lib/perl5/LaTeXML/Package/textcomp.sty.ltxml...
(Processing definitions /usr/local/texlive/2024/texmf-dist/tex/latex/base/ts1enc.dfu... 0.01 sec) 0.74 sec) 0.85 sec)
(Loading /opt/homebrew/Cellar/latexml/0.8.8_1/libexec/lib/perl5/LaTeXML/Package/report.cls.ltxml... 0.01 sec)
(Loading /opt/homebrew/Cellar/latexml/0.8.8_1/libexec/lib/perl5/LaTeXML/Package/hyperref.sty.ltxml...
(Loading /opt/homebrew/Cellar/latexml/0.8.8_1/libexec/lib/perl5/LaTeXML/Package/ltxcmds.sty.ltxml...
(Processing definitions /usr/local/texlive/2024/texmf-dist/tex/generic/ltxcmds/ltxcmds.sty... 0.04 sec) 0.04 sec)
(Loading /opt/homebrew/Cellar/latexml/0.8.8_1/libexec/lib/perl5/LaTeXML/Package/keyval.sty.ltxml...
(Processing definitions /usr/local/texlive/2024/texmf-dist/tex/latex/graphics/keyval.sty... 0.01 sec) 0.01 sec)
(Loading /opt/homebrew/Cellar/latexml/0.8.8_1/libexec/lib/perl5/LaTeXML/Package/kvsetkeys.sty.ltxml...
(Processing definitions /usr/local/texlive/2024/texmf-dist/tex/latex/kvsetkeys/kvsetkeys.sty... 0.03 sec) 0.03 sec)
(Loading /opt/homebrew/Cellar/latexml/0.8.8_1/libexec/lib/perl5/LaTeXML/Package/kvdefinekeys.sty.ltxml...
(Processing definitions /usr/local/texlive/2024/texmf-dist/tex/generic/kvdefinekeys/kvdefinekeys.sty... 0.01 sec) 0.01 sec)
(Loading /opt/homebrew/Cellar/latexml/0.8.8_1/libexec/lib/perl5/LaTeXML/Package/kvoptions.sty.ltxml...
(Processing definitions /usr/local/texlive/2024/texmf-dist/tex/latex/kvoptions/kvoptions.sty... 0.07 sec) 0.07 sec)
(Loading /opt/homebrew/Cellar/latexml/0.8.8_1/libexec/lib/perl5/LaTeXML/Package/nameref.sty.ltxml...
(Loading /opt/homebrew/Cellar/latexml/0.8.8_1/libexec/lib/perl5/LaTeXML/Package/refcount.sty.ltxml...
(Processing definitions /usr/local/texlive/2024/texmf-dist/tex/latex/refcount/refcount.sty...
(Loading /opt/homebrew/Cellar/latexml/0.8.8_1/libexec/lib/perl5/LaTeXML/Package/infwarerr.sty.ltxml...
(Processing definitions /usr/local/texlive/2024/texmf-dist/tex/generic/infwarerr/infwarerr.sty... 0.02 sec) 0.02 sec) 0.05 sec) 0.05 sec)
(Loading /opt/homebrew/Cellar/latexml/0.8.8_1/libexec/lib/perl5/LaTeXML/Package/gettitlestring.sty.ltxml...
(Processing definitions /usr/local/texlive/2024/texmf-dist/tex/generic/gettitlestring/gettitlestring.sty... 0.25 sec) 0.26 sec) 0.32 sec)
(Loading /opt/homebrew/Cellar/latexml/0.8.8_1/libexec/lib/perl5/LaTeXML/Package/url.sty.ltxml... 0.00 sec)
(Loading /opt/homebrew/Cellar/latexml/0.8.8_1/libexec/lib/perl5/LaTeXML/Package/bitset.sty.ltxml...
(Processing definitions /usr/local/texlive/2024/texmf-dist/tex/generic/bitset/bitset.sty...
(Loading /opt/homebrew/Cellar/latexml/0.8.8_1/libexec/lib/perl5/LaTeXML/Package/intcalc.sty.ltxml...
(Processing definitions /usr/local/texlive/2024/texmf-dist/tex/generic/intcalc/intcalc.sty... 0.03 sec) 0.03 sec)
(Loading /opt/homebrew/Cellar/latexml/0.8.8_1/libexec/lib/perl5/LaTeXML/Package/bigintcalc.sty.ltxml...
(Processing definitions /usr/local/texlive/2024/texmf-dist/tex/generic/bigintcalc/bigintcalc.sty...
(Loading /opt/homebrew/Cellar/latexml/0.8.8_1/libexec/lib/perl5/LaTeXML/Package/pdftexcmds.sty.ltxml...
(Loading /opt/homebrew/Cellar/latexml/0.8.8_1/libexec/lib/perl5/LaTeXML/Package/iftex.sty.ltxml... 0.00 sec) 0.00 sec) 0.09 sec) 0.09 sec) 0.20 sec) 0.20 sec) 0.72 sec)
(Loading /opt/homebrew/Cellar/latexml/0.8.8_1/libexec/lib/perl5/LaTeXML/Package/xcolor.sty.ltxml...
(Loading /opt/homebrew/Cellar/latexml/0.8.8_1/libexec/lib/perl5/LaTeXML/Package/color.sty.ltxml... 0.00 sec) 0.03 sec)
(Loading /opt/homebrew/Cellar/latexml/0.8.8_1/libexec/lib/perl5/LaTeXML/Package/hyperxmp.sty.ltxml...
(Loading /opt/homebrew/Cellar/latexml/0.8.8_1/libexec/lib/perl5/LaTeXML/Package/ifthen.sty.ltxml...
(Processing definitions /usr/local/texlive/2024/texmf-dist/tex/latex/base/ifthen.sty... 0.01 sec) 0.01 sec) 0.01 sec)
(Loading /opt/homebrew/Cellar/latexml/0.8.8_1/libexec/lib/perl5/LaTeXML/Package/latexsym.sty.ltxml... 0.00 sec)
(Loading /opt/homebrew/Cellar/latexml/0.8.8_1/libexec/lib/perl5/LaTeXML/Package/graphicx.sty.ltxml...
(Loading /opt/homebrew/Cellar/latexml/0.8.8_1/libexec/lib/perl5/LaTeXML/Package/graphics.sty.ltxml... 0.00 sec) 0.01 sec)
(Loading /opt/homebrew/Cellar/latexml/0.8.8_1/libexec/lib/perl5/LaTeXML/Package/listings.sty.ltxml...
(Processing definitions /usr/local/texlive/2024/texmf-dist/tex/latex/listings/listings.cfg... 0.01 sec) 0.04 sec)
(Loading /opt/homebrew/Cellar/latexml/0.8.8_1/libexec/lib/perl5/LaTeXML/Package/microtype.sty.ltxml... 0.00 sec)
(Loading /opt/homebrew/Cellar/latexml/0.8.8_1/libexec/lib/perl5/LaTeXML/Package/wasysym.sty.ltxml... 0.00 sec)
(Loading /opt/homebrew/Cellar/latexml/0.8.8_1/libexec/lib/perl5/LaTeXML/Package/marvosym.sty.ltxml... 0.01 sec)
(Loading /opt/homebrew/Cellar/latexml/0.8.8_1/libexec/lib/perl5/LaTeXML/Package/bookman.sty.ltxml... 0.00 sec)
(Loading /opt/homebrew/Cellar/latexml/0.8.8_1/libexec/lib/perl5/LaTeXML/Package/fontenc.sty.ltxml...
(Loading /opt/homebrew/Cellar/latexml/0.8.8_1/libexec/lib/perl5/LaTeXML/Package/t1enc.def.ltxml...
(Processing definitions /usr/local/texlive/2024/texmf-dist/tex/latex/base/t1enc.def...
(Processing definitions /usr/local/texlive/2024/texmf-dist/tex/latex/base/t1enc.dfu... 0.03 sec)
(Loading /opt/homebrew/Cellar/latexml/0.8.8_1/libexec/lib/perl5/LaTeXML/Package/t1.fontmap.ltxml... 0.00 sec) 0.06 sec) 0.06 sec) 0.06 sec)
(Loading /opt/homebrew/Cellar/latexml/0.8.8_1/libexec/lib/perl5/LaTeXML/Package/geometry.sty.ltxml...
(Loading /opt/homebrew/Cellar/latexml/0.8.8_1/libexec/lib/perl5/LaTeXML/Package/ifpdf.sty.ltxml... 0.00 sec)
Fatal:interrupt:interrupted LaTeXML was interrupted
	at geometry.sty.ltxml; line 24
	INT
	In Core::Gullet[@0x121e04b00] /opt/homebrew/Cellar/latexml/0.8.8_1/libexec/lib/perl5/LaTeXML/Package/geometry.sty.ltxml; line 24
	 <= Core::Definition::Constructor[\usepac... <= Core::Stomach[@0x121e047d0]
Conversion failed: 1 fatal error (See /Users/smkellat/Desktop/Test/src/index.latexml.log) (reqd. 1.87s)
